<?xml version="1.0" encoding="UTF-8"?>
<!-- Generated by org.testng.reporters.JUnitReportReporter -->
<testsuite skipped="0" hostname="DESKTOP-K9RG9Q4" name="com.qa.hs.tests.LoginTest" tests="1" failures="0" timestamp="2022-01-30T13:50:45 IST" time="12.877" errors="0">
  <testcase name="loginTest" time="12.877" classname="com.qa.hs.tests.LoginTest"/>
  <system-out/>
</testsuite> <!-- com.qa.hs.tests.LoginTest -->
